#
# A fatal error has been detected by the Java Runtime Environment:
#
#  EXCEPTION_ACCESS_VIOLATION (0xc0000005) at pc=0x00007fff3e4cdf23, pid=12756, tid=15012
#
# JRE version: Java(TM) SE Runtime Environment (13.0+33) (build 13+33)
# Java VM: Java HotSpot(TM) 64-Bit Server VM (13+33, mixed mode, sharing, tiered, compressed oops, g1 gc, windows-amd64)
# Problematic frame:
# C  [ntdll.dll+0x4df23]
#
# No core dump will be written. Minidumps are not enabled by default on client versions of Windows
#
# If you would like to submit a bug report, please visit:
#   http://bugreport.java.com/bugreport/crash.jsp
#

---------------  S U M M A R Y ------------

Command Line: --module-path=F:\Programming\ENVIRONMENTVARIABLES\javafx-sdk-13\lib --add-modules=javafx.controls,javafx.fxml --add-modules=javafx.base,javafx.graphics --add-reads=javafx.base=ALL-UNNAMED --add-reads=javafx.graphics=ALL-UNNAMED -javaagent:F:\Programming\IntelliJ IDEA Community Edition 2019.2.3\lib\idea_rt.jar=49827:F:\Programming\IntelliJ IDEA Community Edition 2019.2.3\bin -Dfile.encoding=UTF-8 controller.Game

Host: Intel(R) Core(TM) i5-7300HQ CPU @ 2.50GHz, 4 cores, 7G,  Windows 10 , 64 bit Build 17763 (10.0.17763.475)
Time: Tue Oct 15 02:11:23 2019 Belarus Standard Time elapsed time: 0 seconds (0d 0h 0m 0s)

---------------  T H R E A D  ---------------

Current thread (0x000001e933380800):  JavaThread "JavaFX Application Thread" [_thread_in_vm, id=15012, stack(0x0000004215700000,0x0000004215800000)]

Stack: [0x0000004215700000,0x0000004215800000],  sp=0x00000042157fe280,  free space=1016k
Native frames: (J=compiled Java code, j=interpreted, Vv=VM code, C=native code)
C  [ntdll.dll+0x4df23]
C  [ntdll.dll+0x9bbc]
C  [ntdll.dll+0x9ad0]
V  [jvm.dll+0x5fc6a3]
V  [jvm.dll+0x6ad5e0]
V  [jvm.dll+0x5d2139]
V  [jvm.dll+0x5e2b89]
V  [jvm.dll+0x5dc53d]
V  [jvm.dll+0x377d9a]
C  0x000001e91c28e1a2

Java frames: (J=compiled Java code, j=interpreted, Vv=VM code)
j  com.sun.javafx.tk.quantum.QuantumToolkit$$Lambda$111.get()Ljava/lang/Object;+0 javafx.graphics
j  com.sun.javafx.tk.quantum.QuantumToolkit.runWithRenderLock(Ljava/util/function/Supplier;)Ljava/lang/Object;+7 javafx.graphics
j  com.sun.javafx.tk.quantum.QuantumToolkit.exit()V+26 javafx.graphics
j  com.sun.javafx.application.PlatformImpl.lambda$tkExit$16()V+3 javafx.graphics
j  com.sun.javafx.application.PlatformImpl$$Lambda$110.run()V+0 javafx.graphics
j  com.sun.javafx.application.PlatformImpl.lambda$runAndWait$12(Ljava/lang/Runnable;Ljava/util/concurrent/CountDownLatch;)V+1 javafx.graphics
j  com.sun.javafx.application.PlatformImpl$$Lambda$98.run()V+8 javafx.graphics
j  com.sun.javafx.application.PlatformImpl.lambda$runLater$10(Ljava/lang/Runnable;)Ljava/lang/Void;+1 javafx.graphics
j  com.sun.javafx.application.PlatformImpl$$Lambda$100.run()Ljava/lang/Object;+4 javafx.graphics
j  java.security.AccessController.executePrivileged(Ljava/security/PrivilegedAction;Ljava/security/AccessControlContext;Ljava/lang/Class;)Ljava/lang/Object;+29 java.base@13
j  java.security.AccessController.doPrivileged(Ljava/security/PrivilegedAction;Ljava/security/AccessControlContext;)Ljava/lang/Object;+13 java.base@13
j  com.sun.javafx.application.PlatformImpl.lambda$runLater$11(Ljava/lang/Runnable;Ljava/security/AccessControlContext;)V+7 javafx.graphics
j  com.sun.javafx.application.PlatformImpl$$Lambda$99.run()V+8 javafx.graphics
j  com.sun.glass.ui.InvokeLaterDispatcher$Future.run()V+4 javafx.graphics
v  ~StubRoutines::call_stub
j  com.sun.glass.ui.win.WinApplication._runLoop(Ljava/lang/Runnable;)V+0 javafx.graphics
j  com.sun.glass.ui.win.WinApplication.lambda$runLoop$3(ILjava/lang/Runnable;)V+8 javafx.graphics
j  com.sun.glass.ui.win.WinApplication$$Lambda$88.run()V+12 javafx.graphics
j  java.lang.Thread.run()V+11 java.base@13
v  ~StubRoutines::call_stub

siginfo: EXCEPTION_ACCESS_VIOLATION (0xc0000005), writing address 0x0000000000000024


Register to memory mapping:

RIP=0x00007fff3e4cdf23 ntdll.dll
RAX=0x00007fff3e5df400 ntdll.dll
RBX=0x00007ffee065e858 jvm.dll
RCX=0x0 is NULL
RDX=0x0 is NULL
RSP=0x00000042157fe280 is pointing into the stack for thread: 0x000001e933380800
RBP=0x0000000000000001 is an unknown value
RSI=0x0 is NULL
RDI=0x0 is NULL
R8 =
[error occurred during error reporting (printing register info), id 0xc0000005, EXCEPTION_ACCESS_VIOLATION (0xc0000005) at pc=0x00007ffedff4872f]

Registers:
RAX=0x00007fff3e5df400, RBX=0x00007ffee065e858, RCX=0x0000000000000000, RDX=0x0000000000000000
RSP=0x00000042157fe280, RBP=0x0000000000000001, RSI=0x0000000000000000, RDI=0x0000000000000000
R8 =0x00000000fffffffa, R9 =0x000001e933380800, R10=0x0000000000000000, R11=0x0000000800067988
R12=0x0000000000000000, R13=0xffffffffffffffff, R14=0x0000004213eca000, R15=0x0000000000000000
RIP=0x00007fff3e4cdf23, EFLAGS=0x0000000000010213

Top of Stack: (sp=0x00000042157fe280)
0x00000042157fe280:   000001e933380800 000001e933380800
0x00000042157fe290:   00000042157fe370 00007ffee035f613
0x00000042157fe2a0:   00000042157fe530 000001e933380800
0x00000042157fe2b0:   000001e933380800 0000000000000001
0x00000042157fe2c0:   000001e9329cb688 000001e933380800
0x00000042157fe2d0:   0000000000029d50 000001e933a20b00
0x00000042157fe2e0:   0000000000000001 00007fff3e489bbc
0x00000042157fe2f0:   000001e933380a00 00000042fffffffa
0x00000042157fe300:   0000004213eca000 00007ffee065e858
0x00000042157fe310:   000001e933a1cfc0 00007fff3e489ad0
0x00000042157fe320:   000001e933380800 0000000000000001
0x00000042157fe330:   000001e933a20b10 00007ffee065e850
0x00000042157fe340:   0000000800067728 00007ffee025c6a3
0x00000042157fe350:   0000000000000000 0000000000000000
0x00000042157fe360:   00000042157f0b01 00000042157fe4c8
0x00000042157fe370:   000000000000000a 00007ffee030d5e0 

Instructions: (pc=0x00007fff3e4cdf23)
0x00007fff3e4cde23:   48 85 c0 74 23 48 8b 08 48 8b f8 48 85 c9 74 22
0x00007fff3e4cde33:   48 8b 01 48 8b f9 48 8b c8 48 85 c0 75 f2 eb 12
0x00007fff3e4cde43:   48 39 0f 74 0d 48 8b cf 48 8b 7f 10 48 83 e7 fc
0x00007fff3e4cde53:   75 ee 48 85 ff 74 13 49 8b 06 48 3b 47 18 75 0a
0x00007fff3e4cde63:   49 8b 46 08 48 3b 47 20 74 a6 33 ff 48 8d 0d a2
0x00007fff3e4cde73:   85 11 00 e8 b5 20 00 00 48 8b 5c 24 30 48 8b c7
0x00007fff3e4cde83:   48 8b 7c 24 40 48 8b 74 24 38 48 83 c4 20 41 5e
0x00007fff3e4cde93:   c3 cc cc cc cc cc cc cc cc 48 89 5c 24 20 89 54
0x00007fff3e4cdea3:   24 10 55 56 57 41 54 41 55 41 56 41 57 48 83 ec
0x00007fff3e4cdeb3:   30 65 4c 8b 34 25 30 00 00 00 48 8d 05 34 16 11
0x00007fff3e4cdec3:   00 33 ff 4c 89 b4 24 80 00 00 00 40 88 7c 24 70
0x00007fff3e4cded3:   48 8b d9 44 8b ff 48 3b c8 0f 84 29 01 00 00 e8
0x00007fff3e4cdee3:   59 3c 00 00 49 83 cd ff 84 c0 0f 85 06 01 00 00
0x00007fff3e4cdef3:   40 38 3d de 6f 11 00 48 8d 35 df 6f 11 00 48 0f
0x00007fff3e4cdf03:   45 f7 48 39 7b 18 0f 84 bc 00 00 00 48 8b 0b 49
0x00007fff3e4cdf13:   3b cd 0f 84 bd 00 00 00 44 8b e7 49 3b cd 74 03
0x00007fff3e4cdf23:   ff 41 24 4c 8b 6b 18 48 8d 2d c7 15 11 00 45 33
0x00007fff3e4cdf33:   f6 e8 47 4b fc ff 85 c0 0f 85 87 e0 06 00 b9 82
0x00007fff3e4cdf43:   03 fe 7f 44 38 31 0f 85 95 e0 06 00 49 83 fd ff
0x00007fff3e4cdf53:   0f 85 af e0 06 00 4c 8b ce 44 89 74 24 20 41 b8
0x00007fff3e4cdf63:   04 00 00 00 48 8d 54 24 78 48 8d 4b 08 e8 db 00
0x00007fff3e4cdf73:   00 00 3d 02 01 00 00 0f 84 9b e0 06 00 8b 4b 08
0x00007fff3e4cdf83:   89 4c 24 78 f6 c1 02 75 cd 3d 02 01 00 00 0f 84
0x00007fff3e4cdf93:   84 e0 06 00 40 8a 6c 24 70 4c 8b b4 24 80 00 00
0x00007fff3e4cdfa3:   00 85 c0 0f 88 49 e1 06 00 33 ff 40 84 ed 75 6d
0x00007fff3e4cdfb3:   48 8b 9c 24 88 00 00 00 48 83 c4 30 41 5f 41 5e
0x00007fff3e4cdfc3:   41 5d 41 5c 5f 5e 5d c3 48 8b cb e8 95 4a 03 00
0x00007fff3e4cdfd3:   e9 37 ff ff ff 8b 43 20 49 8b cd 48 0f ba e0 18
0x00007fff3e4cdfe3:   0f 82 32 ff ff ff 48 8b cb e8 f7 f2 ff ff 48 8b
0x00007fff3e4cdff3:   0b e9 22 ff ff ff ba 4b 00 00 c0 49 8b cd e8 ca
0x00007fff3e4ce003:   1c 05 00 e9 e8 fe ff ff c6 44 24 70 01 41 c7 86
0x00007fff3e4ce013:   60 17 00 00 01 00 00 00 e9 c2 fe ff ff 41 89 be 


Stack slot to memory mapping:
stack at sp + 0 slots: 0x000001e933380800 is a thread
stack at sp + 1 slots: 0x000001e933380800 is a thread
stack at sp + 2 slots: 0x00000042157fe370 is pointing into the stack for thread: 0x000001e933380800
stack at sp + 3 slots: 0x00007ffee035f613 jvm.dll
stack at sp + 4 slots: 0x00000042157fe530 is pointing into the stack for thread: 0x000001e933380800
stack at sp + 5 slots: 0x000001e933380800 is a thread
stack at sp + 6 slots: 0x000001e933380800 is a thread
stack at sp + 7 slots: 0x0000000000000001 is an unknown value


---------------  P R O C E S S  ---------------

Threads class SMR info:
_java_thread_list=0x000001e933a004c0, length=17, elements={
0x000001e913d7e800, 0x000001e9323d3000, 0x000001e9323d7000, 0x000001e9323f4800,
0x000001e9323f5800, 0x000001e9323f9000, 0x000001e9323fa000, 0x000001e9323fd800,
0x000001e9323bb000, 0x000001e932e44800, 0x000001e93357b800, 0x000001e9339e3800,
0x000001e933226000, 0x000001e932f57800, 0x000001e933380800, 0x000001e9336b0000,
0x000001e933a20800
}

Java Threads: ( => current thread )
  0x000001e913d7e800 JavaThread "main" [_thread_blocked, id=9596, stack(0x0000004214200000,0x0000004214300000)]
  0x000001e9323d3000 JavaThread "Reference Handler" daemon [_thread_blocked, id=11932, stack(0x0000004214900000,0x0000004214a00000)]
  0x000001e9323d7000 JavaThread "Finalizer" daemon [_thread_blocked, id=11716, stack(0x0000004214a00000,0x0000004214b00000)]
  0x000001e9323f4800 JavaThread "Signal Dispatcher" daemon [_thread_blocked, id=8512, stack(0x0000004214b00000,0x0000004214c00000)]
  0x000001e9323f5800 JavaThread "Attach Listener" daemon [_thread_blocked, id=9800, stack(0x0000004214c00000,0x0000004214d00000)]
  0x000001e9323f9000 JavaThread "C2 CompilerThread0" daemon [_thread_blocked, id=7380, stack(0x0000004214d00000,0x0000004214e00000)]
  0x000001e9323fa000 JavaThread "C1 CompilerThread0" daemon [_thread_blocked, id=2420, stack(0x0000004214e00000,0x0000004214f00000)]
  0x000001e9323fd800 JavaThread "Sweeper thread" daemon [_thread_blocked, id=1912, stack(0x0000004214f00000,0x0000004215000000)]
  0x000001e9323bb000 JavaThread "Common-Cleaner" daemon [_thread_blocked, id=13744, stack(0x0000004215000000,0x0000004215100000)]
  0x000001e932e44800 JavaThread "C2 CompilerThread1" daemon [_thread_blocked, id=14620, stack(0x0000004215100000,0x0000004215200000)]
  0x000001e93357b800 JavaThread "Monitor Ctrl-Break" daemon [_thread_in_native, id=12852, stack(0x0000004215200000,0x0000004215300000)]
  0x000001e9339e3800 JavaThread "Service Thread" daemon [_thread_blocked, id=15420, stack(0x0000004215300000,0x0000004215400000)]
  0x000001e933226000 JavaThread "QuantumRenderer-0" daemon [_thread_blocked, id=12536, stack(0x0000004215500000,0x0000004215600000)]
  0x000001e932f57800 JavaThread "InvokeLaterDispatcher" daemon [_thread_blocked, id=4508, stack(0x0000004215600000,0x0000004215700000)]
=>0x000001e933380800 JavaThread "JavaFX Application Thread" [_thread_in_vm, id=15012, stack(0x0000004215700000,0x0000004215800000)]
  0x000001e9336b0000 JavaThread "JavaFX-Launcher" [_thread_blocked, id=13448, stack(0x0000004215f00000,0x0000004216000000)]
  0x000001e933a20800 JavaThread "Thread-2" daemon [_thread_in_native, id=17292, stack(0x0000004215e00000,0x0000004215f00000)]

Other Threads:
  0x000001e9323d2000 VMThread "VM Thread" [stack: 0x0000004214800000,0x0000004214900000] [id=16892]
  0x000001e933740000 WatcherThread [stack: 0x0000004215400000,0x0000004215500000] [id=13872]
  0x000001e913dc3800 GCTaskThread "GC Thread#0" [stack: 0x0000004214300000,0x0000004214400000] [id=14096]
  0x000001e933cca000 GCTaskThread "GC Thread#1" [stack: 0x0000004215b00000,0x0000004215c00000] [id=7924]
  0x000001e933cc4000 GCTaskThread "GC Thread#2" [stack: 0x0000004215c00000,0x0000004215d00000] [id=7492]
  0x000001e933cc4800 GCTaskThread "GC Thread#3" [stack: 0x0000004215d00000,0x0000004215e00000] [id=14052]
  0x000001e913dd5000 ConcurrentGCThread "G1 Main Marker" [stack: 0x0000004214400000,0x0000004214500000] [id=7048]
  0x000001e913dd6000 ConcurrentGCThread "G1 Conc#0" [stack: 0x0000004214500000,0x0000004214600000] [id=11908]
  0x000001e932252800 ConcurrentGCThread "G1 Refine#0" [stack: 0x0000004214600000,0x0000004214700000] [id=11556]
  0x000001e932254800 ConcurrentGCThread "G1 Young RemSet Sampling" [stack: 0x0000004214700000,0x0000004214800000] [id=9232]

Threads with active compile tasks:

VM state:not at safepoint (normal execution)

VM Mutex/Monitor currently owned by a thread: None

Heap address: 0x0000000081a00000, size: 2022 MB, Compressed Oops mode: 32-bit
Narrow klass base: 0x0000000800000000, Narrow klass shift: 3
Compressed class space size: 1073741824 Address: 0x0000000800b40000

Heap:
 garbage-first heap   total 131072K, used 6417K [0x0000000081a00000, 0x0000000100000000)
  region size 1024K, 7 young (7168K), 2 survivors (2048K)
 Metaspace       used 4295K, capacity 7018K, committed 7296K, reserved 1056768K
  class space    used 462K, capacity 774K, committed 896K, reserved 1048576K
Heap Regions: E=young(eden), S=young(survivor), O=old, HS=humongous(starts), HC=humongous(continues), CS=collection set, F=free, A=archive, TAMS=top-at-mark-start (previous, next)
|   0|0x0000000081a00000, 0x0000000081a44600, 0x0000000081b00000| 26%| O|  |TAMS 0x0000000081a00000, 0x0000000081a00000| Untracked 
|   1|0x0000000081b00000, 0x0000000081b00000, 0x0000000081c00000|  0%| F|  |TAMS 0x0000000081b00000, 0x0000000081b00000| Untracked 
|   2|0x0000000081c00000, 0x0000000081c00000, 0x0000000081d00000|  0%| F|  |TAMS 0x0000000081c00000, 0x0000000081c00000| Untracked 
|   3|0x0000000081d00000, 0x0000000081d00000, 0x0000000081e00000|  0%| F|  |TAMS 0x0000000081d00000, 0x0000000081d00000| Untracked 
|   4|0x0000000081e00000, 0x0000000081e00000, 0x0000000081f00000|  0%| F|  |TAMS 0x0000000081e00000, 0x0000000081e00000| Untracked 
|   5|0x0000000081f00000, 0x0000000081f00000, 0x0000000082000000|  0%| F|  |TAMS 0x0000000081f00000, 0x0000000081f00000| Untracked 
|   6|0x0000000082000000, 0x0000000082000000, 0x0000000082100000|  0%| F|  |TAMS 0x0000000082000000, 0x0000000082000000| Untracked 
|   7|0x0000000082100000, 0x0000000082100000, 0x0000000082200000|  0%| F|  |TAMS 0x0000000082100000, 0x0000000082100000| Untracked 
|   8|0x0000000082200000, 0x0000000082200000, 0x0000000082300000|  0%| F|  |TAMS 0x0000000082200000, 0x0000000082200000| Untracked 
|   9|0x0000000082300000, 0x0000000082300000, 0x0000000082400000|  0%| F|  |TAMS 0x0000000082300000, 0x0000000082300000| Untracked 
|  10|0x0000000082400000, 0x0000000082400000, 0x0000000082500000|  0%| F|  |TAMS 0x0000000082400000, 0x0000000082400000| Untracked 
|  11|0x0000000082500000, 0x0000000082500000, 0x0000000082600000|  0%| F|  |TAMS 0x0000000082500000, 0x0000000082500000| Untracked 
|  12|0x0000000082600000, 0x0000000082600000, 0x0000000082700000|  0%| F|  |TAMS 0x0000000082600000, 0x0000000082600000| Untracked 
|  13|0x0000000082700000, 0x0000000082700000, 0x0000000082800000|  0%| F|  |TAMS 0x0000000082700000, 0x0000000082700000| Untracked 
|  14|0x0000000082800000, 0x0000000082800000, 0x0000000082900000|  0%| F|  |TAMS 0x0000000082800000, 0x0000000082800000| Untracked 
|  15|0x0000000082900000, 0x0000000082900000, 0x0000000082a00000|  0%| F|  |TAMS 0x0000000082900000, 0x0000000082900000| Untracked 
|  16|0x0000000082a00000, 0x0000000082a00000, 0x0000000082b00000|  0%| F|  |TAMS 0x0000000082a00000, 0x0000000082a00000| Untracked 
|  17|0x0000000082b00000, 0x0000000082b00000, 0x0000000082c00000|  0%| F|  |TAMS 0x0000000082b00000, 0x0000000082b00000| Untracked 
|  18|0x0000000082c00000, 0x0000000082c00000, 0x0000000082d00000|  0%| F|  |TAMS 0x0000000082c00000, 0x0000000082c00000| Untracked 
|  19|0x0000000082d00000, 0x0000000082d00000, 0x0000000082e00000|  0%| F|  |TAMS 0x0000000082d00000, 0x0000000082d00000| Untracked 
|  20|0x0000000082e00000, 0x0000000082e00000, 0x0000000082f00000|  0%| F|  |TAMS 0x0000000082e00000, 0x0000000082e00000| Untracked 
|  21|0x0000000082f00000, 0x0000000082f00000, 0x0000000083000000|  0%| F|  |TAMS 0x0000000082f00000, 0x0000000082f00000| Untracked 
|  22|0x0000000083000000, 0x0000000083000000, 0x0000000083100000|  0%| F|  |TAMS 0x0000000083000000, 0x0000000083000000| Untracked 
|  23|0x0000000083100000, 0x0000000083100000, 0x0000000083200000|  0%| F|  |TAMS 0x0000000083100000, 0x0000000083100000| Untracked 
|  24|0x0000000083200000, 0x0000000083200000, 0x0000000083300000|  0%| F|  |TAMS 0x0000000083200000, 0x0000000083200000| Untracked 
|  25|0x0000000083300000, 0x0000000083300000, 0x0000000083400000|  0%| F|  |TAMS 0x0000000083300000, 0x0000000083300000| Untracked 
|  26|0x0000000083400000, 0x0000000083400000, 0x0000000083500000|  0%| F|  |TAMS 0x0000000083400000, 0x0000000083400000| Untracked 
|  27|0x0000000083500000, 0x0000000083500000, 0x0000000083600000|  0%| F|  |TAMS 0x0000000083500000, 0x0000000083500000| Untracked 
|  28|0x0000000083600000, 0x0000000083600000, 0x0000000083700000|  0%| F|  |TAMS 0x0000000083600000, 0x0000000083600000| Untracked 
|  29|0x0000000083700000, 0x0000000083700000, 0x0000000083800000|  0%| F|  |TAMS 0x0000000083700000, 0x0000000083700000| Untracked 
|  30|0x0000000083800000, 0x0000000083800000, 0x0000000083900000|  0%| F|  |TAMS 0x0000000083800000, 0x0000000083800000| Untracked 
|  31|0x0000000083900000, 0x0000000083900000, 0x0000000083a00000|  0%| F|  |TAMS 0x0000000083900000, 0x0000000083900000| Untracked 
|  32|0x0000000083a00000, 0x0000000083a00000, 0x0000000083b00000|  0%| F|  |TAMS 0x0000000083a00000, 0x0000000083a00000| Untracked 
|  33|0x0000000083b00000, 0x0000000083b00000, 0x0000000083c00000|  0%| F|  |TAMS 0x0000000083b00000, 0x0000000083b00000| Untracked 
|  34|0x0000000083c00000, 0x0000000083c00000, 0x0000000083d00000|  0%| F|  |TAMS 0x0000000083c00000, 0x0000000083c00000| Untracked 
|  35|0x0000000083d00000, 0x0000000083d00000, 0x0000000083e00000|  0%| F|  |TAMS 0x0000000083d00000, 0x0000000083d00000| Untracked 
|  36|0x0000000083e00000, 0x0000000083e00000, 0x0000000083f00000|  0%| F|  |TAMS 0x0000000083e00000, 0x0000000083e00000| Untracked 
|  37|0x0000000083f00000, 0x0000000083f00000, 0x0000000084000000|  0%| F|  |TAMS 0x0000000083f00000, 0x0000000083f00000| Untracked 
|  38|0x0000000084000000, 0x0000000084000000, 0x0000000084100000|  0%| F|  |TAMS 0x0000000084000000, 0x0000000084000000| Untracked 
|  39|0x0000000084100000, 0x0000000084100000, 0x0000000084200000|  0%| F|  |TAMS 0x0000000084100000, 0x0000000084100000| Untracked 
|  40|0x0000000084200000, 0x0000000084200000, 0x0000000084300000|  0%| F|  |TAMS 0x0000000084200000, 0x0000000084200000| Untracked 
|  41|0x0000000084300000, 0x0000000084300000, 0x0000000084400000|  0%| F|  |TAMS 0x0000000084300000, 0x0000000084300000| Untracked 
|  42|0x0000000084400000, 0x0000000084400000, 0x0000000084500000|  0%| F|  |TAMS 0x0000000084400000, 0x0000000084400000| Untracked 
|  43|0x0000000084500000, 0x0000000084500000, 0x0000000084600000|  0%| F|  |TAMS 0x0000000084500000, 0x0000000084500000| Untracked 
|  44|0x0000000084600000, 0x0000000084600000, 0x0000000084700000|  0%| F|  |TAMS 0x0000000084600000, 0x0000000084600000| Untracked 
|  45|0x0000000084700000, 0x0000000084700000, 0x0000000084800000|  0%| F|  |TAMS 0x0000000084700000, 0x0000000084700000| Untracked 
|  46|0x0000000084800000, 0x0000000084800000, 0x0000000084900000|  0%| F|  |TAMS 0x0000000084800000, 0x0000000084800000| Untracked 
|  47|0x0000000084900000, 0x0000000084900000, 0x0000000084a00000|  0%| F|  |TAMS 0x0000000084900000, 0x0000000084900000| Untracked 
|  48|0x0000000084a00000, 0x0000000084a00000, 0x0000000084b00000|  0%| F|  |TAMS 0x0000000084a00000, 0x0000000084a00000| Untracked 
|  49|0x0000000084b00000, 0x0000000084b00000, 0x0000000084c00000|  0%| F|  |TAMS 0x0000000084b00000, 0x0000000084b00000| Untracked 
|  50|0x0000000084c00000, 0x0000000084c00000, 0x0000000084d00000|  0%| F|  |TAMS 0x0000000084c00000, 0x0000000084c00000| Untracked 
|  51|0x0000000084d00000, 0x0000000084d00000, 0x0000000084e00000|  0%| F|  |TAMS 0x0000000084d00000, 0x0000000084d00000| Untracked 
|  52|0x0000000084e00000, 0x0000000084e00000, 0x0000000084f00000|  0%| F|  |TAMS 0x0000000084e00000, 0x0000000084e00000| Untracked 
|  53|0x0000000084f00000, 0x0000000084f00000, 0x0000000085000000|  0%| F|  |TAMS 0x0000000084f00000, 0x0000000084f00000| Untracked 
|  54|0x0000000085000000, 0x0000000085000000, 0x0000000085100000|  0%| F|  |TAMS 0x0000000085000000, 0x0000000085000000| Untracked 
|  55|0x0000000085100000, 0x0000000085100000, 0x0000000085200000|  0%| F|  |TAMS 0x0000000085100000, 0x0000000085100000| Untracked 
|  56|0x0000000085200000, 0x0000000085200000, 0x0000000085300000|  0%| F|  |TAMS 0x0000000085200000, 0x0000000085200000| Untracked 
|  57|0x0000000085300000, 0x0000000085300000, 0x0000000085400000|  0%| F|  |TAMS 0x0000000085300000, 0x0000000085300000| Untracked 
|  58|0x0000000085400000, 0x0000000085400000, 0x0000000085500000|  0%| F|  |TAMS 0x0000000085400000, 0x0000000085400000| Untracked 
|  59|0x0000000085500000, 0x0000000085500000, 0x0000000085600000|  0%| F|  |TAMS 0x0000000085500000, 0x0000000085500000| Untracked 
|  60|0x0000000085600000, 0x0000000085600000, 0x0000000085700000|  0%| F|  |TAMS 0x0000000085600000, 0x0000000085600000| Untracked 
|  61|0x0000000085700000, 0x0000000085700000, 0x0000000085800000|  0%| F|  |TAMS 0x0000000085700000, 0x0000000085700000| Untracked 
|  62|0x0000000085800000, 0x0000000085800000, 0x0000000085900000|  0%| F|  |TAMS 0x0000000085800000, 0x0000000085800000| Untracked 
|  63|0x0000000085900000, 0x0000000085900000, 0x0000000085a00000|  0%| F|  |TAMS 0x0000000085900000, 0x0000000085900000| Untracked 
|  64|0x0000000085a00000, 0x0000000085a00000, 0x0000000085b00000|  0%| F|  |TAMS 0x0000000085a00000, 0x0000000085a00000| Untracked 
|  65|0x0000000085b00000, 0x0000000085b00000, 0x0000000085c00000|  0%| F|  |TAMS 0x0000000085b00000, 0x0000000085b00000| Untracked 
|  66|0x0000000085c00000, 0x0000000085c00000, 0x0000000085d00000|  0%| F|  |TAMS 0x0000000085c00000, 0x0000000085c00000| Untracked 
|  67|0x0000000085d00000, 0x0000000085d00000, 0x0000000085e00000|  0%| F|  |TAMS 0x0000000085d00000, 0x0000000085d00000| Untracked 
|  68|0x0000000085e00000, 0x0000000085e00000, 0x0000000085f00000|  0%| F|  |TAMS 0x0000000085e00000, 0x0000000085e00000| Untracked 
|  69|0x0000000085f00000, 0x0000000085f00000, 0x0000000086000000|  0%| F|  |TAMS 0x0000000085f00000, 0x0000000085f00000| Untracked 
|  70|0x0000000086000000, 0x0000000086000000, 0x0000000086100000|  0%| F|  |TAMS 0x0000000086000000, 0x0000000086000000| Untracked 
|  71|0x0000000086100000, 0x0000000086100000, 0x0000000086200000|  0%| F|  |TAMS 0x0000000086100000, 0x0000000086100000| Untracked 
|  72|0x0000000086200000, 0x0000000086200000, 0x0000000086300000|  0%| F|  |TAMS 0x0000000086200000, 0x0000000086200000| Untracked 
|  73|0x0000000086300000, 0x0000000086300000, 0x0000000086400000|  0%| F|  |TAMS 0x0000000086300000, 0x0000000086300000| Untracked 
|  74|0x0000000086400000, 0x0000000086400000, 0x0000000086500000|  0%| F|  |TAMS 0x0000000086400000, 0x0000000086400000| Untracked 
|  75|0x0000000086500000, 0x0000000086500000, 0x0000000086600000|  0%| F|  |TAMS 0x0000000086500000, 0x0000000086500000| Untracked 
|  76|0x0000000086600000, 0x0000000086600000, 0x0000000086700000|  0%| F|  |TAMS 0x0000000086600000, 0x0000000086600000| Untracked 
|  77|0x0000000086700000, 0x0000000086700000, 0x0000000086800000|  0%| F|  |TAMS 0x0000000086700000, 0x0000000086700000| Untracked 
|  78|0x0000000086800000, 0x0000000086800000, 0x0000000086900000|  0%| F|  |TAMS 0x0000000086800000, 0x0000000086800000| Untracked 
|  79|0x0000000086900000, 0x0000000086900000, 0x0000000086a00000|  0%| F|  |TAMS 0x0000000086900000, 0x0000000086900000| Untracked 
|  80|0x0000000086a00000, 0x0000000086a00000, 0x0000000086b00000|  0%| F|  |TAMS 0x0000000086a00000, 0x0000000086a00000| Untracked 
|  81|0x0000000086b00000, 0x0000000086b00000, 0x0000000086c00000|  0%| F|  |TAMS 0x0000000086b00000, 0x0000000086b00000| Untracked 
|  82|0x0000000086c00000, 0x0000000086c00000, 0x0000000086d00000|  0%| F|  |TAMS 0x0000000086c00000, 0x0000000086c00000| Untracked 
|  83|0x0000000086d00000, 0x0000000086d00000, 0x0000000086e00000|  0%| F|  |TAMS 0x0000000086d00000, 0x0000000086d00000| Untracked 
|  84|0x0000000086e00000, 0x0000000086e00000, 0x0000000086f00000|  0%| F|  |TAMS 0x0000000086e00000, 0x0000000086e00000| Untracked 
|  85|0x0000000086f00000, 0x0000000086f00000, 0x0000000087000000|  0%| F|  |TAMS 0x0000000086f00000, 0x0000000086f00000| Untracked 
|  86|0x0000000087000000, 0x0000000087000000, 0x0000000087100000|  0%| F|  |TAMS 0x0000000087000000, 0x0000000087000000| Untracked 
|  87|0x0000000087100000, 0x0000000087100000, 0x0000000087200000|  0%| F|  |TAMS 0x0000000087100000, 0x0000000087100000| Untracked 
|  88|0x0000000087200000, 0x0000000087200000, 0x0000000087300000|  0%| F|  |TAMS 0x0000000087200000, 0x0000000087200000| Untracked 
|  89|0x0000000087300000, 0x0000000087300000, 0x0000000087400000|  0%| F|  |TAMS 0x0000000087300000, 0x0000000087300000| Untracked 
|  90|0x0000000087400000, 0x0000000087400000, 0x0000000087500000|  0%| F|  |TAMS 0x0000000087400000, 0x0000000087400000| Untracked 
|  91|0x0000000087500000, 0x0000000087500000, 0x0000000087600000|  0%| F|  |TAMS 0x0000000087500000, 0x0000000087500000| Untracked 
|  92|0x0000000087600000, 0x0000000087600000, 0x0000000087700000|  0%| F|  |TAMS 0x0000000087600000, 0x0000000087600000| Untracked 
|  93|0x0000000087700000, 0x0000000087700000, 0x0000000087800000|  0%| F|  |TAMS 0x0000000087700000, 0x0000000087700000| Untracked 
|  94|0x0000000087800000, 0x0000000087800000, 0x0000000087900000|  0%| F|  |TAMS 0x0000000087800000, 0x0000000087800000| Untracked 
|  95|0x0000000087900000, 0x0000000087900000, 0x0000000087a00000|  0%| F|  |TAMS 0x0000000087900000, 0x0000000087900000| Untracked 
|  96|0x0000000087a00000, 0x0000000087a00000, 0x0000000087b00000|  0%| F|  |TAMS 0x0000000087a00000, 0x0000000087a00000| Untracked 
|  97|0x0000000087b00000, 0x0000000087b00000, 0x0000000087c00000|  0%| F|  |TAMS 0x0000000087b00000, 0x0000000087b00000| Untracked 
|  98|0x0000000087c00000, 0x0000000087c00000, 0x0000000087d00000|  0%| F|  |TAMS 0x0000000087c00000, 0x0000000087c00000| Untracked 
|  99|0x0000000087d00000, 0x0000000087d00000, 0x0000000087e00000|  0%| F|  |TAMS 0x0000000087d00000, 0x0000000087d00000| Untracked 
| 100|0x0000000087e00000, 0x0000000087e00000, 0x0000000087f00000|  0%| F|  |TAMS 0x0000000087e00000, 0x0000000087e00000| Untracked 
| 101|0x0000000087f00000, 0x0000000087f00000, 0x0000000088000000|  0%| F|  |TAMS 0x0000000087f00000, 0x0000000087f00000| Untracked 
| 102|0x0000000088000000, 0x0000000088000000, 0x0000000088100000|  0%| F|  |TAMS 0x0000000088000000, 0x0000000088000000| Untracked 
| 103|0x0000000088100000, 0x0000000088100000, 0x0000000088200000|  0%| F|  |TAMS 0x0000000088100000, 0x0000000088100000| Untracked 
| 104|0x0000000088200000, 0x0000000088200000, 0x0000000088300000|  0%| F|  |TAMS 0x0000000088200000, 0x0000000088200000| Untracked 
| 105|0x0000000088300000, 0x0000000088300000, 0x0000000088400000|  0%| F|  |TAMS 0x0000000088300000, 0x0000000088300000| Untracked 
| 106|0x0000000088400000, 0x0000000088400000, 0x0000000088500000|  0%| F|  |TAMS 0x0000000088400000, 0x0000000088400000| Untracked 
| 107|0x0000000088500000, 0x0000000088500000, 0x0000000088600000|  0%| F|  |TAMS 0x0000000088500000, 0x0000000088500000| Untracked 
| 108|0x0000000088600000, 0x0000000088600000, 0x0000000088700000|  0%| F|  |TAMS 0x0000000088600000, 0x0000000088600000| Untracked 
| 109|0x0000000088700000, 0x0000000088700000, 0x0000000088800000|  0%| F|  |TAMS 0x0000000088700000, 0x0000000088700000| Untracked 
| 110|0x0000000088800000, 0x0000000088800000, 0x0000000088900000|  0%| F|  |TAMS 0x0000000088800000, 0x0000000088800000| Untracked 
| 111|0x0000000088900000, 0x0000000088900000, 0x0000000088a00000|  0%| F|  |TAMS 0x0000000088900000, 0x0000000088900000| Untracked 
| 112|0x0000000088a00000, 0x0000000088b00000, 0x0000000088b00000|100%| S|CS|TAMS 0x0000000088a00000, 0x0000000088a00000| Complete 
| 113|0x0000000088b00000, 0x0000000088c00000, 0x0000000088c00000|100%| S|CS|TAMS 0x0000000088b00000, 0x0000000088b00000| Complete 
| 114|0x0000000088c00000, 0x0000000088c00000, 0x0000000088d00000|  0%| F|  |TAMS 0x0000000088c00000, 0x0000000088c00000| Untracked 
| 115|0x0000000088d00000, 0x0000000088d00000, 0x0000000088e00000|  0%| F|  |TAMS 0x0000000088d00000, 0x0000000088d00000| Untracked 
| 116|0x0000000088e00000, 0x0000000088e00000, 0x0000000088f00000|  0%| F|  |TAMS 0x0000000088e00000, 0x0000000088e00000| Untracked 
| 117|0x0000000088f00000, 0x0000000088f00000, 0x0000000089000000|  0%| F|  |TAMS 0x0000000088f00000, 0x0000000088f00000| Untracked 
| 118|0x0000000089000000, 0x0000000089000000, 0x0000000089100000|  0%| F|  |TAMS 0x0000000089000000, 0x0000000089000000| Untracked 
| 119|0x0000000089100000, 0x0000000089100000, 0x0000000089200000|  0%| F|  |TAMS 0x0000000089100000, 0x0000000089100000| Untracked 
| 120|0x0000000089200000, 0x0000000089200000, 0x0000000089300000|  0%| F|  |TAMS 0x0000000089200000, 0x0000000089200000| Untracked 
| 121|0x0000000089300000, 0x0000000089300000, 0x0000000089400000|  0%| F|  |TAMS 0x0000000089300000, 0x0000000089300000| Untracked 
| 122|0x0000000089400000, 0x0000000089400000, 0x0000000089500000|  0%| F|  |TAMS 0x0000000089400000, 0x0000000089400000| Untracked 
| 123|0x0000000089500000, 0x0000000089580800, 0x0000000089600000| 50%| E|  |TAMS 0x0000000089500000, 0x0000000089500000| Complete 
| 124|0x0000000089600000, 0x0000000089700000, 0x0000000089700000|100%| E|CS|TAMS 0x0000000089600000, 0x0000000089600000| Complete 
| 125|0x0000000089700000, 0x0000000089800000, 0x0000000089800000|100%| E|CS|TAMS 0x0000000089700000, 0x0000000089700000| Complete 
| 126|0x0000000089800000, 0x0000000089900000, 0x0000000089900000|100%| E|CS|TAMS 0x0000000089800000, 0x0000000089800000| Complete 
| 127|0x0000000089900000, 0x0000000089a00000, 0x0000000089a00000|100%| E|CS|TAMS 0x0000000089900000, 0x0000000089900000| Complete 

Card table byte_map: [0x000001e92b680000,0x000001e92ba80000] _byte_map_base: 0x000001e92b273000

Marking Bits (Prev, Next): (CMBitMap*) 0x000001e913dc4508, (CMBitMap*) 0x000001e913dc4548
 Prev Bits: [0x000001e92be80000, 0x000001e92de18000)
 Next Bits: [0x000001e92de20000, 0x000001e92fdb8000)

Polling page: 0x000001e911c30000

Metaspace:

Usage:
  Non-class:      6.10 MB capacity,     3.74 MB ( 61%) used,     2.34 MB ( 38%) free+waste,    19.38 KB ( <1%) overhead. 
      Class:    774.00 KB capacity,   462.00 KB ( 60%) used,   301.38 KB ( 39%) free+waste,    10.63 KB (  1%) overhead. 
       Both:      6.85 MB capacity,     4.19 MB ( 61%) used,     2.63 MB ( 38%) free+waste,    30.00 KB ( <1%) overhead. 

Virtual space:
  Non-class space:        8.00 MB reserved,       6.25 MB ( 78%) committed 
      Class space:        1.00 GB reserved,     896.00 KB ( <1%) committed 
             Both:        1.01 GB reserved,       7.13 MB ( <1%) committed 

Chunk freelists:
   Non-Class:  28.00 KB
       Class:  26.00 KB
        Both:  54.00 KB

MaxMetaspaceSize: 17179869184.00 GB
CompressedClassSpaceSize: 1.00 GB

CodeHeap 'non-profiled nmethods': size=120064Kb used=320Kb max_used=320Kb free=119744Kb
 bounds [0x000001e923d40000, 0x000001e923fb0000, 0x000001e92b280000]
CodeHeap 'profiled nmethods': size=120000Kb used=1306Kb max_used=1306Kb free=118693Kb
 bounds [0x000001e91c810000, 0x000001e91ca80000, 0x000001e923d40000]
CodeHeap 'non-nmethods': size=5696Kb used=1213Kb max_used=1225Kb free=4482Kb
 bounds [0x000001e91c280000, 0x000001e91c4f0000, 0x000001e91c810000]
 total_blobs=1732 nmethods=815 adapters=384
 compilation: enabled
              stopped_count=0, restarted_count=0
 full_count=0

Compilation events (20 events):
Event: 0.611 Thread 0x000001e9323fa000  803       3       java.lang.invoke.MethodHandleNatives::refKindIsMethod (19 bytes)
Event: 0.611 Thread 0x000001e9323fa000 nmethod 803 0x000001e91c951810 code [0x000001e91c9519c0, 0x000001e91c951c58]
Event: 0.612 Thread 0x000001e932e44800  805       4       java.lang.invoke.MemberName::getReferenceKind (12 bytes)
Event: 0.613 Thread 0x000001e932e44800 nmethod 805 0x000001e923d8f090 code [0x000001e923d8f220, 0x000001e923d8f298]
Event: 0.613 Thread 0x000001e9323fa000  806       3       jdk.internal.org.objectweb.asm.MethodWriter::visitMethodInsn (191 bytes)
Event: 0.614 Thread 0x000001e9323fa000 nmethod 806 0x000001e91c951d10 code [0x000001e91c951f60, 0x000001e91c952830]
Event: 0.614 Thread 0x000001e9323fa000  807       3       java.lang.StringBuilder::append (8 bytes)
Event: 0.614 Thread 0x000001e9323fa000 nmethod 807 0x000001e91c952b90 code [0x000001e91c952d40, 0x000001e91c952f10]
Event: 0.614 Thread 0x000001e9323fa000  808       3       java.lang.AbstractStringBuilder::append (55 bytes)
Event: 0.614 Thread 0x000001e9323fa000 nmethod 808 0x000001e91c952f90 code [0x000001e91c953180, 0x000001e91c953540]
Event: 0.616 Thread 0x000001e9323fa000  810       3       java.lang.invoke.MethodHandles$Lookup::in (168 bytes)
Event: 0.617 Thread 0x000001e9323fa000 nmethod 810 0x000001e91c953690 code [0x000001e91c953a00, 0x000001e91c9551d0]
Event: 0.617 Thread 0x000001e9323fa000  811       3       jdk.internal.org.objectweb.asm.MethodWriter::visitCode (1 bytes)
Event: 0.617 Thread 0x000001e9323fa000 nmethod 811 0x000001e91c955890 code [0x000001e91c955a20, 0x000001e91c955b98]
Event: 0.617 Thread 0x000001e9323fa000  812       3       java.lang.invoke.MethodTypeForm::cachedLambdaForm (44 bytes)
Event: 0.617 Thread 0x000001e9323fa000 nmethod 812 0x000001e91c955c10 code [0x000001e91c955de0, 0x000001e91c9561d0]
Event: 0.618 Thread 0x000001e9323fa000  814       1       java.lang.invoke.MethodHandleImpl::isCompileConstant (2 bytes)
Event: 0.618 Thread 0x000001e9323fa000 nmethod 814 0x000001e923d8fd10 code [0x000001e923d8fea0, 0x000001e923d8ff98]
Event: 0.619 Thread 0x000001e9323fa000  815       3       java.lang.ref.SoftReference::<init> (13 bytes)
Event: 0.619 Thread 0x000001e9323fa000 nmethod 815 0x000001e91c956310 code [0x000001e91c9564e0, 0x000001e91c956878]

GC Heap History (2 events):
Event: 0.568 GC heap before
{Heap before GC invocations=0 (full 0):
 garbage-first heap   total 131072K, used 13312K [0x0000000081a00000, 0x0000000100000000)
  region size 1024K, 14 young (14336K), 0 survivors (0K)
 Metaspace       used 3553K, capacity 6313K, committed 6400K, reserved 1056768K
  class space    used 390K, capacity 685K, committed 768K, reserved 1048576K
}
Event: 0.570 GC heap after
{Heap after GC invocations=1 (full 0):
 garbage-first heap   total 131072K, used 2321K [0x0000000081a00000, 0x0000000100000000)
  region size 1024K, 2 young (2048K), 2 survivors (2048K)
 Metaspace       used 3553K, capacity 6313K, committed 6400K, reserved 1056768K
  class space    used 390K, capacity 685K, committed 768K, reserved 1048576K
}

Deoptimization events (20 events):
Event: 0.286 Thread 0x000001e913d7e800 DEOPT PACKING pc=0x000001e923d49a2c sp=0x00000042142ff210
Event: 0.287 Thread 0x000001e913d7e800 DEOPT UNPACKING pc=0x000001e91c2c912f sp=0x00000042142ff1b0 mode 2
Event: 0.537 Thread 0x000001e933380800 Uncommon trap: trap_request=0xffffffde fr.pc=0x000001e923d8bcc0 relative=0x0000000000000120
Event: 0.537 Thread 0x000001e933380800 Uncommon trap: reason=class_check action=maybe_recompile pc=0x000001e923d8bcc0 method=jdk.internal.misc.Unsafe.allocateUninitializedArray(Ljava/lang/Class;I)Ljava/lang/Object; @ 48 c2
Event: 0.537 Thread 0x000001e933380800 DEOPT PACKING pc=0x000001e923d8bcc0 sp=0x00000042157fd260
Event: 0.537 Thread 0x000001e933380800 DEOPT UNPACKING pc=0x000001e91c2c912f sp=0x00000042157fd1e8 mode 2
Event: 0.537 Thread 0x000001e933380800 Uncommon trap: trap_request=0xffffffde fr.pc=0x000001e923d8bcc0 relative=0x0000000000000120
Event: 0.537 Thread 0x000001e933380800 Uncommon trap: reason=class_check action=maybe_recompile pc=0x000001e923d8bcc0 method=jdk.internal.misc.Unsafe.allocateUninitializedArray(Ljava/lang/Class;I)Ljava/lang/Object; @ 48 c2
Event: 0.537 Thread 0x000001e933380800 DEOPT PACKING pc=0x000001e923d8bcc0 sp=0x00000042157fd250
Event: 0.537 Thread 0x000001e933380800 DEOPT UNPACKING pc=0x000001e91c2c912f sp=0x00000042157fd1d8 mode 2
Event: 0.537 Thread 0x000001e933380800 Uncommon trap: trap_request=0xffffffde fr.pc=0x000001e923d8bcc0 relative=0x0000000000000120
Event: 0.537 Thread 0x000001e933380800 Uncommon trap: reason=class_check action=maybe_recompile pc=0x000001e923d8bcc0 method=jdk.internal.misc.Unsafe.allocateUninitializedArray(Ljava/lang/Class;I)Ljava/lang/Object; @ 48 c2
Event: 0.537 Thread 0x000001e933380800 DEOPT PACKING pc=0x000001e923d8bcc0 sp=0x00000042157fd210
Event: 0.537 Thread 0x000001e933380800 DEOPT UNPACKING pc=0x000001e91c2c912f sp=0x00000042157fd198 mode 2
Event: 0.537 Thread 0x000001e933380800 Uncommon trap: trap_request=0xffffffde fr.pc=0x000001e923d8bcc0 relative=0x0000000000000120
Event: 0.537 Thread 0x000001e933380800 Uncommon trap: reason=class_check action=maybe_recompile pc=0x000001e923d8bcc0 method=jdk.internal.misc.Unsafe.allocateUninitializedArray(Ljava/lang/Class;I)Ljava/lang/Object; @ 48 c2
Event: 0.537 Thread 0x000001e933380800 DEOPT PACKING pc=0x000001e923d8bcc0 sp=0x00000042157fcfd0
Event: 0.537 Thread 0x000001e933380800 DEOPT UNPACKING pc=0x000001e91c2c912f sp=0x00000042157fcf58 mode 2
Event: 0.608 Thread 0x000001e913d7e800 DEOPT PACKING pc=0x000001e91c8aef68 sp=0x00000042142fd6b0
Event: 0.608 Thread 0x000001e913d7e800 DEOPT UNPACKING pc=0x000001e91c2c964e sp=0x00000042142fcb20 mode 0

Classes unloaded (0 events):
No events

Classes redefined (0 events):
No events

Internal exceptions (11 events):
Event: 0.103 Thread 0x000001e913d7e800 Exception <a 'sun/nio/fs/WindowsException'{0x0000000089817cc0}> (0x0000000089817cc0) 
thrown [t:/workspace/open/src/hotspot/share/prims/jni.cpp, line 598]
Event: 0.103 Thread 0x000001e913d7e800 Exception <a 'sun/nio/fs/WindowsException'{0x00000000898181a0}> (0x00000000898181a0) 
thrown [t:/workspace/open/src/hotspot/share/prims/jni.cpp, line 598]
Event: 0.116 Thread 0x000001e913d7e800 Exception <a 'java/lang/NoSuchMethodError'{0x0000000089831d90}: 'int java.lang.invoke.DirectMethodHandle$Holder.invokeSpecialIFC(java.lang.Object, java.lang.Object, int)'> (0x0000000089831d90) 
thrown [t:/workspace/open/src/hotspot/share/interpreter/linkResolver.cpp, line 767]
Event: 0.513 Thread 0x000001e913d7e800 Exception <a 'java/lang/NoSuchMethodError'{0x0000000088e7e140}: 'int java.lang.invoke.DirectMethodHandle$Holder.invokeStaticInit(java.lang.Object, java.lang.Object, java.lang.Object)'> (0x0000000088e7e140) 
thrown [t:/workspace/open/src/hotspot/share/interpreter/linkResolver.cpp, line 767]
Event: 0.514 Thread 0x000001e913d7e800 Exception <a 'java/lang/NoSuchMethodError'{0x0000000088e890b0}: 'void java.lang.invoke.DirectMethodHandle$Holder.invokeSpecial(java.lang.Object, java.lang.Object)'> (0x0000000088e890b0) 
thrown [t:/workspace/open/src/hotspot/share/interpreter/linkResolver.cpp, line 767]
Event: 0.529 Thread 0x000001e913d7e800 Exception <a 'java/lang/NoSuchMethodError'{0x0000000088d9f548}: 'java.lang.Object java.lang.invoke.DirectMethodHandle$Holder.invokeStatic(java.lang.Object, java.lang.Object, int, java.lang.Object)'> (0x0000000088d9f548) 
thrown [t:/workspace/open/src/hotspot/share/interpreter/linkResolver.cpp, line 767]
Event: 0.529 Thread 0x000001e913d7e800 Exception <a 'java/lang/NoSuchMethodError'{0x0000000088da5810}: 'java.lang.Object java.lang.invoke.Invokers$Holder.linkToTargetMethod(java.lang.Object, int, java.lang.Object, java.lang.Object)'> (0x0000000088da5810) 
thrown [t:/workspace/open/src/hotspot/share/interpreter/linkResolver.cpp, line 767]
Event: 0.594 Thread 0x000001e933380800 Exception <a 'java/lang/NoSuchMethodError'{0x0000000089704bb0}: 'void java.lang.invoke.DirectMethodHandle$Holder.invokeStaticInit(java.lang.Object)'> (0x0000000089704bb0) 
thrown [t:/workspace/open/src/hotspot/share/interpreter/linkResolver.cpp, line 767]
Event: 0.598 Thread 0x000001e913d7e800 Exception <a 'java/lang/NoSuchMethodError'{0x0000000089788460}: 'java.lang.Object java.lang.invoke.Invokers$Holder.linkToTargetMethod(java.lang.Object, java.lang.Object, java.lang.Object, java.lang.Object, java.lang.Object, java.lang.Object)'> (0x0000000089788460) 
thrown [t:/workspace/open/src/hotspot/share/interpreter/linkResolver.cpp, line 767]
Event: 0.613 Thread 0x000001e9336b0000 Exception <a 'java/lang/NoSuchMethodError'{0x0000000089684a80}: 'void java.lang.invoke.DirectMethodHandle$Holder.invokeStatic(java.lang.Object, java.lang.Object, java.lang.Object, java.lang.Object)'> (0x0000000089684a80) 
thrown [t:/workspace/open/src/hotspot/share/interpreter/linkResolver.cpp, line 767]
Event: 0.620 Thread 0x000001e933a20800 Exception <a 'java/lang/NullPointerException'{0x00000000896df5a0}> (0x00000000896df5a0) 
thrown [t:/workspace/open/src/hotspot/share/prims/jni.cpp, line 1116]

Events (20 events):
Event: 0.610 Executing VM operation: RevokeBias
Event: 0.610 Executing VM operation: RevokeBias done
Event: 0.611 Thread 0x000001e9336b0000 Thread added: 0x000001e9336b0000
Event: 0.612 Executing VM operation: RevokeBias
Event: 0.612 Executing VM operation: RevokeBias done
Event: 0.614 Executing VM operation: RevokeBias
Event: 0.614 Executing VM operation: RevokeBias done
Event: 0.615 loading class ds/Shape
Event: 0.615 loading class ds/Shape done
Event: 0.615 loading class ds/Grid
Event: 0.615 loading class ds/Grid done
Event: 0.616 Executing VM operation: RevokeBias
Event: 0.616 Executing VM operation: RevokeBias done
Event: 0.617 Thread 0x000001e933a20800 Thread added: 0x000001e933a20800
Event: 0.619 Executing VM operation: RevokeBias
Event: 0.620 Executing VM operation: RevokeBias done
Event: 0.620 loading class java/lang/Throwable$WrappedPrintStream
Event: 0.620 loading class java/lang/Throwable$PrintStreamOrWriter
Event: 0.620 loading class java/lang/Throwable$PrintStreamOrWriter done
Event: 0.620 loading class java/lang/Throwable$WrappedPrintStream done


Dynamic libraries:
0x00007ff7d77c0000 - 0x00007ff7d77cf000 	F:\Programming\ENVIRONMENTVARIABLES\jdk-13\bin\java.exe
0x00007fff3e480000 - 0x00007fff3e66d000 	C:\WINDOWS\SYSTEM32\ntdll.dll
0x00007fff3d3f0000 - 0x00007fff3d4a3000 	C:\WINDOWS\System32\KERNEL32.DLL
0x00007fff3b1f0000 - 0x00007fff3b483000 	C:\WINDOWS\System32\KERNELBASE.dll
0x00007fff3b490000 - 0x00007fff3b58a000 	C:\WINDOWS\System32\ucrtbase.dll
0x00007fff2b330000 - 0x00007fff2b348000 	F:\Programming\ENVIRONMENTVARIABLES\jdk-13\bin\jli.dll
0x00007fff3ba00000 - 0x00007fff3baa3000 	C:\WINDOWS\System32\ADVAPI32.dll
0x00007fff3bb90000 - 0x00007fff3bc2e000 	C:\WINDOWS\System32\msvcrt.dll
0x00007fff3d600000 - 0x00007fff3d69e000 	C:\WINDOWS\System32\sechost.dll
0x00007fff3d8c0000 - 0x00007fff3d9e2000 	C:\WINDOWS\System32\RPCRT4.dll
0x00007fff3e2b0000 - 0x00007fff3e447000 	C:\WINDOWS\System32\USER32.dll
0x00007fff3a7f0000 - 0x00007fff3a810000 	C:\WINDOWS\System32\win32u.dll
0x00007fff3b6a0000 - 0x00007fff3b6c9000 	C:\WINDOWS\System32\GDI32.dll
0x00007fff3af60000 - 0x00007fff3b0f9000 	C:\WINDOWS\System32\gdi32full.dll
0x00007fff3a720000 - 0x00007fff3a7c0000 	C:\WINDOWS\System32\msvcp_win.dll
0x00007fff2b1c0000 - 0x00007fff2b1d5000 	F:\Programming\ENVIRONMENTVARIABLES\jdk-13\bin\VCRUNTIME140.dll
0x00007fff2bd20000 - 0x00007fff2bf99000 	C:\WINDOWS\WinSxS\amd64_microsoft.windows.common-controls_6595b64144ccf1df_6.0.17763.737_none_05b6437c071e554b\COMCTL32.dll
0x00007fff3b6d0000 - 0x00007fff3b9fc000 	C:\WINDOWS\System32\combase.dll
0x00007fff3b170000 - 0x00007fff3b1ee000 	C:\WINDOWS\System32\bcryptPrimitives.dll
0x00007fff2fa60000 - 0x00007fff2fa6a000 	C:\WINDOWS\SYSTEM32\VERSION.dll
0x00007fff3d210000 - 0x00007fff3d23e000 	C:\WINDOWS\System32\IMM32.DLL
0x00007fff0b2e0000 - 0x00007fff0b37b000 	F:\Programming\ENVIRONMENTVARIABLES\jdk-13\bin\msvcp140.dll
0x00007ffedfc60000 - 0x00007ffee07c6000 	F:\Programming\ENVIRONMENTVARIABLES\jdk-13\bin\server\jvm.dll
0x00007fff3bac0000 - 0x00007fff3bac8000 	C:\WINDOWS\System32\PSAPI.DLL
0x00007fff35320000 - 0x00007fff35329000 	C:\WINDOWS\SYSTEM32\WSOCK32.dll
0x00007fff3d510000 - 0x00007fff3d57d000 	C:\WINDOWS\System32\WS2_32.dll
0x00007fff36bf0000 - 0x00007fff36c14000 	C:\WINDOWS\SYSTEM32\WINMM.dll
0x00007fff36bc0000 - 0x00007fff36bed000 	C:\WINDOWS\SYSTEM32\WINMMBASE.dll
0x00007fff3b100000 - 0x00007fff3b14a000 	C:\WINDOWS\System32\cfgmgr32.dll
0x00007fff3a4f0000 - 0x00007fff3a501000 	C:\WINDOWS\System32\kernel.appcore.dll
0x00007fff2b3c0000 - 0x00007fff2b3d0000 	F:\Programming\ENVIRONMENTVARIABLES\jdk-13\bin\verify.dll
0x00007fff22e70000 - 0x00007fff2305d000 	C:\WINDOWS\SYSTEM32\DBGHELP.DLL
0x00007fff22da0000 - 0x00007fff22dca000 	C:\WINDOWS\SYSTEM32\dbgcore.DLL
0x00007fff26a10000 - 0x00007fff26a36000 	F:\Programming\ENVIRONMENTVARIABLES\jdk-13\bin\java.dll
0x00007fff36740000 - 0x00007fff3674e000 	F:\Programming\ENVIRONMENTVARIABLES\jdk-13\bin\instrument.dll
0x00007fff2afd0000 - 0x00007fff2afe7000 	F:\Programming\ENVIRONMENTVARIABLES\jdk-13\bin\zip.dll
0x00007fff28610000 - 0x00007fff2861a000 	F:\Programming\ENVIRONMENTVARIABLES\jdk-13\bin\jimage.dll
0x00007fff3bd10000 - 0x00007fff3d202000 	C:\WINDOWS\System32\SHELL32.dll
0x00007fff3d6a0000 - 0x00007fff3d748000 	C:\WINDOWS\System32\shcore.dll
0x00007fff3a810000 - 0x00007fff3af5a000 	C:\WINDOWS\System32\windows.storage.dll
0x00007fff3a510000 - 0x00007fff3a534000 	C:\WINDOWS\System32\profapi.dll
0x00007fff3a470000 - 0x00007fff3a4cd000 	C:\WINDOWS\System32\powrprof.dll
0x00007fff3dc20000 - 0x00007fff3dc72000 	C:\WINDOWS\System32\shlwapi.dll
0x00007fff3b150000 - 0x00007fff3b167000 	C:\WINDOWS\System32\cryptsp.dll
0x00007fff27ec0000 - 0x00007fff27ed9000 	F:\Programming\ENVIRONMENTVARIABLES\jdk-13\bin\net.dll
0x00007fff2b6a0000 - 0x00007fff2b792000 	C:\WINDOWS\SYSTEM32\WINHTTP.dll
0x00007fff2e9f0000 - 0x00007fff2ebc7000 	C:\WINDOWS\SYSTEM32\urlmon.dll
0x00007fff2b970000 - 0x00007fff2bc18000 	C:\WINDOWS\SYSTEM32\iertutil.dll
0x00007fff39eb0000 - 0x00007fff39ebc000 	C:\WINDOWS\SYSTEM32\CRYPTBASE.DLL
0x00007fff39ce0000 - 0x00007fff39d47000 	C:\WINDOWS\system32\mswsock.dll
0x00007fff27e80000 - 0x00007fff27e93000 	F:\Programming\ENVIRONMENTVARIABLES\jdk-13\bin\nio.dll
0x00007fff27250000 - 0x00007fff2726a000 	F:\Programming\IntelliJ IDEA Community Edition 2019.2.3\bin\breakgen64.dll
0x000001e911f10000 - 0x000001e911f13000 	F:\Programming\ENVIRONMENTVARIABLES\javafx-sdk-13\bin\api-ms-win-core-console-l1-1-0.dll
0x000001e911f20000 - 0x000001e911f23000 	F:\Programming\ENVIRONMENTVARIABLES\javafx-sdk-13\bin\api-ms-win-core-datetime-l1-1-0.dll
0x000001e913d10000 - 0x000001e913d13000 	F:\Programming\ENVIRONMENTVARIABLES\javafx-sdk-13\bin\api-ms-win-core-debug-l1-1-0.dll
0x000001e913d20000 - 0x000001e913d23000 	F:\Programming\ENVIRONMENTVARIABLES\javafx-sdk-13\bin\api-ms-win-core-errorhandling-l1-1-0.dll
0x000001e913d30000 - 0x000001e913d34000 	F:\Programming\ENVIRONMENTVARIABLES\javafx-sdk-13\bin\api-ms-win-core-file-l1-1-0.dll
0x000001e913d40000 - 0x000001e913d43000 	F:\Programming\ENVIRONMENTVARIABLES\javafx-sdk-13\bin\api-ms-win-core-file-l1-2-0.dll
0x000001e9348d0000 - 0x000001e9348d3000 	F:\Programming\ENVIRONMENTVARIABLES\javafx-sdk-13\bin\api-ms-win-core-file-l2-1-0.dll
0x000001e9348e0000 - 0x000001e9348e3000 	F:\Programming\ENVIRONMENTVARIABLES\javafx-sdk-13\bin\api-ms-win-core-handle-l1-1-0.dll
0x000001e9348f0000 - 0x000001e9348f3000 	F:\Programming\ENVIRONMENTVARIABLES\javafx-sdk-13\bin\api-ms-win-core-heap-l1-1-0.dll
0x000001e934900000 - 0x000001e934903000 	F:\Programming\ENVIRONMENTVARIABLES\javafx-sdk-13\bin\api-ms-win-core-interlocked-l1-1-0.dll
0x000001e934910000 - 0x000001e934913000 	F:\Programming\ENVIRONMENTVARIABLES\javafx-sdk-13\bin\api-ms-win-core-libraryloader-l1-1-0.dll
0x000001e934920000 - 0x000001e934923000 	F:\Programming\ENVIRONMENTVARIABLES\javafx-sdk-13\bin\api-ms-win-core-localization-l1-2-0.dll
0x000001e934930000 - 0x000001e934933000 	F:\Programming\ENVIRONMENTVARIABLES\javafx-sdk-13\bin\api-ms-win-core-memory-l1-1-0.dll
0x000001e934940000 - 0x000001e934943000 	F:\Programming\ENVIRONMENTVARIABLES\javafx-sdk-13\bin\api-ms-win-core-namedpipe-l1-1-0.dll
0x000001e934950000 - 0x000001e934953000 	F:\Programming\ENVIRONMENTVARIABLES\javafx-sdk-13\bin\api-ms-win-core-processenvironment-l1-1-0.dll
0x000001e934960000 - 0x000001e934963000 	F:\Programming\ENVIRONMENTVARIABLES\javafx-sdk-13\bin\api-ms-win-core-processthreads-l1-1-0.dll
0x000001e934970000 - 0x000001e934973000 	F:\Programming\ENVIRONMENTVARIABLES\javafx-sdk-13\bin\api-ms-win-core-processthreads-l1-1-1.dll
0x000001e934bd0000 - 0x000001e934bd3000 	F:\Programming\ENVIRONMENTVARIABLES\javafx-sdk-13\bin\api-ms-win-core-profile-l1-1-0.dll
0x000001e934be0000 - 0x000001e934be3000 	F:\Programming\ENVIRONMENTVARIABLES\javafx-sdk-13\bin\api-ms-win-core-rtlsupport-l1-1-0.dll
0x000001e934bf0000 - 0x000001e934bf3000 	F:\Programming\ENVIRONMENTVARIABLES\javafx-sdk-13\bin\api-ms-win-core-string-l1-1-0.dll
0x000001e934c00000 - 0x000001e934c03000 	F:\Programming\ENVIRONMENTVARIABLES\javafx-sdk-13\bin\api-ms-win-core-synch-l1-1-0.dll
0x000001e934c10000 - 0x000001e934c13000 	F:\Programming\ENVIRONMENTVARIABLES\javafx-sdk-13\bin\api-ms-win-core-synch-l1-2-0.dll
0x000001e934c20000 - 0x000001e934c23000 	F:\Programming\ENVIRONMENTVARIABLES\javafx-sdk-13\bin\api-ms-win-core-sysinfo-l1-1-0.dll
0x000001e934c30000 - 0x000001e934c33000 	F:\Programming\ENVIRONMENTVARIABLES\javafx-sdk-13\bin\api-ms-win-core-timezone-l1-1-0.dll
0x000001e934c40000 - 0x000001e934c43000 	F:\Programming\ENVIRONMENTVARIABLES\javafx-sdk-13\bin\api-ms-win-core-util-l1-1-0.dll
0x000001e934c50000 - 0x000001e934c53000 	F:\Programming\ENVIRONMENTVARIABLES\javafx-sdk-13\bin\api-ms-win-crt-conio-l1-1-0.dll
0x000001e934c60000 - 0x000001e934c64000 	F:\Programming\ENVIRONMENTVARIABLES\javafx-sdk-13\bin\api-ms-win-crt-convert-l1-1-0.dll
0x000001e934c70000 - 0x000001e934c73000 	F:\Programming\ENVIRONMENTVARIABLES\javafx-sdk-13\bin\api-ms-win-crt-environment-l1-1-0.dll
0x000001e934c80000 - 0x000001e934c83000 	F:\Programming\ENVIRONMENTVARIABLES\javafx-sdk-13\bin\api-ms-win-crt-filesystem-l1-1-0.dll
0x000001e934c90000 - 0x000001e934c93000 	F:\Programming\ENVIRONMENTVARIABLES\javafx-sdk-13\bin\api-ms-win-crt-heap-l1-1-0.dll
0x000001e934ca0000 - 0x000001e934ca3000 	F:\Programming\ENVIRONMENTVARIABLES\javafx-sdk-13\bin\api-ms-win-crt-locale-l1-1-0.dll
0x000001e934cb0000 - 0x000001e934cb5000 	F:\Programming\ENVIRONMENTVARIABLES\javafx-sdk-13\bin\api-ms-win-crt-math-l1-1-0.dll
0x000001e934cc0000 - 0x000001e934cc5000 	F:\Programming\ENVIRONMENTVARIABLES\javafx-sdk-13\bin\api-ms-win-crt-multibyte-l1-1-0.dll
0x000001e934cd0000 - 0x000001e934ce0000 	F:\Programming\ENVIRONMENTVARIABLES\javafx-sdk-13\bin\api-ms-win-crt-private-l1-1-0.dll
0x000001e934ce0000 - 0x000001e934ce3000 	F:\Programming\ENVIRONMENTVARIABLES\javafx-sdk-13\bin\api-ms-win-crt-process-l1-1-0.dll
0x000001e934cf0000 - 0x000001e934cf4000 	F:\Programming\ENVIRONMENTVARIABLES\javafx-sdk-13\bin\api-ms-win-crt-runtime-l1-1-0.dll
0x000001e934980000 - 0x000001e934984000 	F:\Programming\ENVIRONMENTVARIABLES\javafx-sdk-13\bin\api-ms-win-crt-stdio-l1-1-0.dll
0x000001e934ac0000 - 0x000001e934ac4000 	F:\Programming\ENVIRONMENTVARIABLES\javafx-sdk-13\bin\api-ms-win-crt-string-l1-1-0.dll
0x000001e934ad0000 - 0x000001e934ad3000 	F:\Programming\ENVIRONMENTVARIABLES\javafx-sdk-13\bin\api-ms-win-crt-time-l1-1-0.dll
0x000001e934ae0000 - 0x000001e934ae3000 	F:\Programming\ENVIRONMENTVARIABLES\javafx-sdk-13\bin\api-ms-win-crt-utility-l1-1-0.dll
0x00007fff04ef0000 - 0x00007fff04fec000 	F:\Programming\ENVIRONMENTVARIABLES\javafx-sdk-13\bin\ucrtbase.dll
0x00007fff25ea0000 - 0x00007fff25eb5000 	F:\Programming\ENVIRONMENTVARIABLES\javafx-sdk-13\bin\vcruntime140.dll
0x00007fff0b3a0000 - 0x00007fff0b43b000 	F:\Programming\ENVIRONMENTVARIABLES\javafx-sdk-13\bin\msvcp140.dll
0x00007fff21af0000 - 0x00007fff21b41000 	F:\Programming\ENVIRONMENTVARIABLES\javafx-sdk-13\bin\concrt140.dll
0x00007fff23220000 - 0x00007fff23243000 	F:\Programming\ENVIRONMENTVARIABLES\javafx-sdk-13\bin\prism_d3d.dll
0x00007fff2ddd0000 - 0x00007fff2df6e000 	C:\WINDOWS\system32\d3d9.dll
0x00007fff38e50000 - 0x00007fff38e7e000 	C:\WINDOWS\SYSTEM32\dwmapi.dll
0x00007fff3a540000 - 0x00007fff3a71b000 	C:\WINDOWS\System32\CRYPT32.dll
0x00007fff3a4d0000 - 0x00007fff3a4e2000 	C:\WINDOWS\System32\MSASN1.dll
0x00007fff38810000 - 0x00007fff388ac000 	C:\WINDOWS\system32\uxtheme.dll
0x00007fff04c70000 - 0x00007fff04ee2000 	C:\WINDOWS\System32\DriverStore\FileRepository\iigd_dch_base.inf_amd64_b95c9a044993331b\igdumdim64.dll
0x00007ffec8920000 - 0x00007ffecbe17000 	C:\WINDOWS\System32\DriverStore\FileRepository\iigd_dch_base.inf_amd64_b95c9a044993331b\igd9dxva64.dll
0x00007fff3d9f0000 - 0x00007fff3db45000 	C:\WINDOWS\System32\ole32.dll
0x00007fff3db50000 - 0x00007fff3dc14000 	C:\WINDOWS\System32\OLEAUT32.dll
0x00007fff1eaa0000 - 0x00007fff1eae5000 	F:\Programming\ENVIRONMENTVARIABLES\javafx-sdk-13\bin\glass.dll
0x00007fff3dd00000 - 0x00007fff3de27000 	C:\WINDOWS\System32\COMDLG32.dll
0x00007fff3d750000 - 0x00007fff3d8bb000 	C:\WINDOWS\System32\MSCTF.dll
0x00007ffefa280000 - 0x00007ffefa2a1000 	C:\WINDOWS\System32\DriverStore\FileRepository\iigd_dch_base.inf_amd64_b95c9a044993331b\igdinfo64.dll
0x00007fff2fd30000 - 0x00007fff31c95000 	C:\WINDOWS\System32\DriverStore\FileRepository\iigd_dch_base.inf_amd64_b95c9a044993331b\igc64.dll

dbghelp: loaded successfully - version: 4.0.5 - missing functions: none
symbol engine: initialized successfully - sym options: 0x614 - pdb path: .;F:\Programming\ENVIRONMENTVARIABLES\jdk-13\bin;C:\WINDOWS\SYSTEM32;C:\WINDOWS\WinSxS\amd64_microsoft.windows.common-controls_6595b64144ccf1df_6.0.17763.737_none_05b6437c071e554b;F:\Programming\ENVIRONMENTVARIABLES\jdk-13\bin\server;F:\Programming\IntelliJ IDEA Community Edition 2019.2.3\bin;F:\Programming\ENVIRONMENTVARIABLES\javafx-sdk-13\bin;C:\WINDOWS\System32\DriverStore\FileRepository\iigd_dch_base.inf_amd64_b95c9a044993331b;C:\WINDOWS\System32\DriverStore\FileRepository\nvlti.inf_amd64_256c7678811c2e62

VM Arguments:
jvm_args: --module-path=F:\Programming\ENVIRONMENTVARIABLES\javafx-sdk-13\lib --add-modules=javafx.controls,javafx.fxml --add-modules=javafx.base,javafx.graphics --add-reads=javafx.base=ALL-UNNAMED --add-reads=javafx.graphics=ALL-UNNAMED -javaagent:F:\Programming\IntelliJ IDEA Community Edition 2019.2.3\lib\idea_rt.jar=49827:F:\Programming\IntelliJ IDEA Community Edition 2019.2.3\bin -Dfile.encoding=UTF-8 
java_command: controller.Game
java_class_path (initial): F:\Dev\Java\Tetris\out\production\Tetris;F:\Programming\ENVIRONMENTVARIABLES\javafx-sdk-13\lib\src.zip;F:\Programming\ENVIRONMENTVARIABLES\javafx-sdk-13\lib\javafx-swt.jar;F:\Programming\ENVIRONMENTVARIABLES\javafx-sdk-13\lib\javafx.web.jar;F:\Programming\ENVIRONMENTVARIABLES\javafx-sdk-13\lib\javafx.base.jar;F:\Programming\ENVIRONMENTVARIABLES\javafx-sdk-13\lib\javafx.fxml.jar;F:\Programming\ENVIRONMENTVARIABLES\javafx-sdk-13\lib\javafx.media.jar;F:\Programming\ENVIRONMENTVARIABLES\javafx-sdk-13\lib\javafx.swing.jar;F:\Programming\ENVIRONMENTVARIABLES\javafx-sdk-13\lib\javafx.controls.jar;F:\Programming\ENVIRONMENTVARIABLES\javafx-sdk-13\lib\javafx.graphics.jar
Launcher Type: SUN_STANDARD

[Global flags]
     intx CICompilerCount                          = 3                                         {product} {ergonomic}
     uint ConcGCThreads                            = 1                                         {product} {ergonomic}
     uint G1ConcRefinementThreads                  = 4                                         {product} {ergonomic}
   size_t G1HeapRegionSize                         = 1048576                                   {product} {ergonomic}
    uintx GCDrainStackTargetSize                   = 64                                        {product} {ergonomic}
   size_t InitialHeapSize                          = 134217728                                 {product} {ergonomic}
   size_t MarkStackSize                            = 4194304                                   {product} {ergonomic}
   size_t MaxHeapSize                              = 2120220672                                {product} {ergonomic}
   size_t MaxNewSize                               = 1271922688                                {product} {ergonomic}
   size_t MinHeapDeltaBytes                        = 1048576                                   {product} {ergonomic}
   size_t MinHeapSize                              = 8388608                                   {product} {ergonomic}
    uintx NonNMethodCodeHeapSize                   = 5830732                                {pd product} {ergonomic}
    uintx NonProfiledCodeHeapSize                  = 122913754                              {pd product} {ergonomic}
    uintx ProfiledCodeHeapSize                     = 122913754                              {pd product} {ergonomic}
    uintx ReservedCodeCacheSize                    = 251658240                              {pd product} {ergonomic}
     bool SegmentedCodeCache                       = true                                      {product} {ergonomic}
   size_t SoftMaxHeapSize                          = 2120220672                             {manageable} {ergonomic}
     bool UseCompressedClassPointers               = true                                 {lp64_product} {ergonomic}
     bool UseCompressedOops                        = true                                 {lp64_product} {ergonomic}
     bool UseG1GC                                  = true                                      {product} {ergonomic}
     bool UseLargePagesIndividualAllocation        = false                                  {pd product} {ergonomic}

Logging:
Log output configuration:
 #0: stdout all=warning uptime,level,tags
 #1: stderr all=off uptime,level,tags

Environment Variables:
JAVA_HOME=F:\Programming\jdk-13\lib
PATH=C:\Program Files (x86)\Common Files\Oracle\Java\javapath;C:\WINDOWS\system32;C:\WINDOWS;C:\WINDOWS\System32\Wbem;C:\WINDOWS\System32\WindowsPowerShell\v1.0\;C:\WINDOWS\System32\OpenSSH\;C:\Program Files\dotnet\;C:\Program Files (x86)\NVIDIA Corporation\PhysX\Common;C:\Program Files\NVIDIA Corporation\NVIDIA NvDLISR;F:\Utility\Git\cmd;C:\Program Files\nodejs\;C:\Program Files\Java\jdk-12.0.2\bin;C:\Users\Matas Liutikas\AppData\Local\Microsoft\WindowsApps;C:\Users\Matas Liutikas\AppData\Local\Programs\Microsoft VS Code\bin;C:\Users\Matas Liutikas\AppData\Roaming\npm;C:\Users\Matas Liutikas\AppData\Roaming\Python\Python37\Scripts;C:\Program Files\nodejs;F:\Programming\Python\Python37-32\Scripts;F:\Programming\Python\Python37-32;
USERNAME=Liutikas Matas
OS=Windows_NT
PROCESSOR_IDENTIFIER=Intel64 Family 6 Model 158 Stepping 9, GenuineIntel



---------------  S Y S T E M  ---------------

OS: Windows 10 , 64 bit Build 17763 (10.0.17763.475)

CPU:total 4 (initial active 4) (4 cores per cpu, 1 threads per core) family 6 model 158 stepping 9, cmov, cx8, fxsr, mmx, sse, sse2, sse3, ssse3, sse4.1, sse4.2, popcnt, avx, avx2, aes, clmul, erms, 3dnowpref, lzcnt, tsc, tscinvbit, bmi1, bmi2, adx, fma

Memory: 4k page, system-wide physical 8084M (2362M free)
TotalPageFile size 13045M (AvailPageFile size 2152M)
current process WorkingSet (physical memory assigned to process): 92M, peak: 92M
current process commit charge ("private bytes"): 251M, peak: 251M

vm_info: Java HotSpot(TM) 64-Bit Server VM (13+33) for windows-amd64 JRE (13+33), built on Sep 18 2019 21:38:00 by "mach5one" with unknown MS VC++:1916

END.
